  Game.cpp
D:\Docs\Documents\Silvio\Estudiando Hard\Memorial University - C++ Game Programming\Assignment 2\Geometry-Wars\Geometry Wars\src\Game.cpp(38,12): warning C4244: 'argumento': conversión de 'time_t' a 'unsigned int'; posible pérdida de datos
D:\Docs\Documents\Silvio\Estudiando Hard\Memorial University - C++ Game Programming\Assignment 2\Geometry-Wars\Geometry Wars\src\Game.cpp(95,56): warning C4244: 'argumento': conversión de 'T' a 'sf::Uint8'; posible pérdida de datos
          with
          [
              T=sf::Uint16
          ]
D:\Docs\Documents\Silvio\Estudiando Hard\Memorial University - C++ Game Programming\Assignment 2\Geometry-Wars\Geometry Wars\src\Game.cpp(95,49): warning C4244: 'argumento': conversión de 'T' a 'sf::Uint8'; posible pérdida de datos
          with
          [
              T=sf::Uint16
          ]
D:\Docs\Documents\Silvio\Estudiando Hard\Memorial University - C++ Game Programming\Assignment 2\Geometry-Wars\Geometry Wars\src\Game.cpp(95,42): warning C4244: 'argumento': conversión de 'T' a 'sf::Uint8'; posible pérdida de datos
          with
          [
              T=sf::Uint16
          ]
D:\Docs\Documents\Silvio\Estudiando Hard\Memorial University - C++ Game Programming\Assignment 2\Geometry-Wars\Geometry Wars\src\Game.cpp(460,74): warning C4244: 'argumento': conversión de 'double' a 'float'; posible pérdida de datos
D:\Docs\Documents\Silvio\Estudiando Hard\Memorial University - C++ Game Programming\Assignment 2\Geometry-Wars\Geometry Wars\src\Game.cpp(460,52): warning C4244: 'argumento': conversión de 'double' a 'float'; posible pérdida de datos
D:\Docs\Documents\Silvio\Estudiando Hard\Memorial University - C++ Game Programming\Assignment 2\Geometry-Wars\Geometry Wars\src\Game.cpp(516,45): warning C4305: 'argumento': truncamiento de 'double' a 'float'
D:\Docs\Documents\Silvio\Estudiando Hard\Memorial University - C++ Game Programming\Assignment 2\Geometry-Wars\Geometry Wars\src\Game.cpp(680,34): warning C4244: '=': conversión de 'float' a 'int'; posible pérdida de datos
D:\Docs\Documents\Silvio\Estudiando Hard\Memorial University - C++ Game Programming\Assignment 2\Geometry-Wars\Geometry Wars\src\Game.cpp(735,42): warning C4244: 'argumento': conversión de 'double' a 'float'; posible pérdida de datos
D:\Docs\Documents\Silvio\Estudiando Hard\Memorial University - C++ Game Programming\Assignment 2\Geometry-Wars\Geometry Wars\src\Game.cpp(811,65): warning C4305: 'argumento': truncamiento de 'double' a 'float'
C:\Program Files\Microsoft Visual Studio\2022\Community\VC\Tools\MSVC\14.36.32532\include\xutility(251,71): warning C4244: 'argumento': conversión de 'int' a 'float'; posible pérdida de datos
C:\Program Files\Microsoft Visual Studio\2022\Community\VC\Tools\MSVC\14.36.32532\include\xutility(261,14): message : Vea la referencia a la creación de una instancia de la función plantilla "_Ty *std::construct_at<_Ty,int&,int&,sf::Color,sf::Color,int&,0x0>(_Ty *const ,int &,int &,sf::Color &&,sf::Color &&,int &) noexcept(<expr>)" que se está compilando
          with
          [
              _Ty=CShape
          ]
C:\Program Files\Microsoft Visual Studio\2022\Community\VC\Tools\MSVC\14.36.32532\include\memory(2092,13): message : Vea la referencia a la creación de una instancia de la función plantilla "void std::_Construct_in_place<_Ty,int&,int&,sf::Color,sf::Color,int&>(_Ty &,int &,int &,sf::Color &&,sf::Color &&,int &) noexcept(false)" que se está compilando
          with
          [
              _Ty=CShape
          ]
C:\Program Files\Microsoft Visual Studio\2022\Community\VC\Tools\MSVC\14.36.32532\include\memory(2765,46): message : Vea la referencia a la creación de una instancia de la función plantilla "std::_Ref_count_obj2<CShape>::_Ref_count_obj2<int&,int&,_Ty,_Ty,int&>(int &,int &,_Ty &&,_Ty &&,int &)" que se está compilando
          with
          [
              _Ty=sf::Color
          ]
D:\Docs\Documents\Silvio\Estudiando Hard\Memorial University - C++ Game Programming\Assignment 2\Geometry-Wars\Geometry Wars\src\Game.cpp(639,24): message : Vea la referencia a la creación de una instancia de la función plantilla "std::shared_ptr<CShape> std::make_shared<CShape,int&,int&,sf::Color,sf::Color,int&>(int &,int &,sf::Color &&,sf::Color &&,int &)" que se está compilando
C:\Program Files\Microsoft Visual Studio\2022\Community\VC\Tools\MSVC\14.36.32532\include\xutility(265,77): warning C4244: 'argumento': conversión de 'int' a 'float'; posible pérdida de datos
C:\Program Files\Microsoft Visual Studio\2022\Community\VC\Tools\MSVC\14.36.32532\include\xutility(251,71): warning C4244: 'argumento': conversión de '_Ty' a 'float'; posible pérdida de datos
          with
          [
              _Ty=int
          ]
C:\Program Files\Microsoft Visual Studio\2022\Community\VC\Tools\MSVC\14.36.32532\include\xutility(261,14): message : Vea la referencia a la creación de una instancia de la función plantilla "_Ty *std::construct_at<_Ty,Vec2&,Vec2&,int,0x0>(_Ty *const ,Vec2 &,Vec2 &,int &&) noexcept(<expr>)" que se está compilando
          with
          [
              _Ty=CTransform
          ]
C:\Program Files\Microsoft Visual Studio\2022\Community\VC\Tools\MSVC\14.36.32532\include\memory(2092,13): message : Vea la referencia a la creación de una instancia de la función plantilla "void std::_Construct_in_place<_Ty,Vec2&,Vec2&,int>(_Ty &,Vec2 &,Vec2 &,int &&) noexcept(false)" que se está compilando
          with
          [
              _Ty=CTransform
          ]
C:\Program Files\Microsoft Visual Studio\2022\Community\VC\Tools\MSVC\14.36.32532\include\memory(2765,46): message : Vea la referencia a la creación de una instancia de la función plantilla "std::_Ref_count_obj2<CTransform>::_Ref_count_obj2<Vec2&,Vec2&,_Ty>(Vec2 &,Vec2 &,_Ty &&)" que se está compilando
          with
          [
              _Ty=int
          ]
D:\Docs\Documents\Silvio\Estudiando Hard\Memorial University - C++ Game Programming\Assignment 2\Geometry-Wars\Geometry Wars\src\Game.cpp(739,24): message : Vea la referencia a la creación de una instancia de la función plantilla "std::shared_ptr<CTransform> std::make_shared<CTransform,Vec2&,Vec2&,int>(Vec2 &,Vec2 &,int &&)" que se está compilando
C:\Program Files\Microsoft Visual Studio\2022\Community\VC\Tools\MSVC\14.36.32532\include\xutility(265,77): warning C4244: 'argumento': conversión de '_Ty' a 'float'; posible pérdida de datos
          with
          [
              _Ty=int
          ]
C:\Program Files\Microsoft Visual Studio\2022\Community\VC\Tools\MSVC\14.36.32532\include\xutility(252,85): warning C4244: 'argumento': conversión de 'int' a 'float'; posible pérdida de datos
C:\Program Files\Microsoft Visual Studio\2022\Community\VC\Tools\MSVC\14.36.32532\include\xutility(261,14): message : Vea la referencia a la creación de una instancia de la función plantilla "_Ty *std::construct_at<_Ty,int&,int&,sf::Color,sf::Color,int&,0x0>(_Ty *const ,int &,int &,sf::Color &&,sf::Color &&,int &) noexcept(false)" que se está compilando
          with
          [
              _Ty=CShape
          ]
C:\Program Files\Microsoft Visual Studio\2022\Community\VC\Tools\MSVC\14.36.32532\include\memory(2092,13): message : Vea la referencia a la creación de una instancia de la función plantilla "void std::_Construct_in_place<_Ty,int&,int&,sf::Color,sf::Color,int&>(_Ty &,int &,int &,sf::Color &&,sf::Color &&,int &) noexcept(false)" que se está compilando
          with
          [
              _Ty=CShape
          ]
C:\Program Files\Microsoft Visual Studio\2022\Community\VC\Tools\MSVC\14.36.32532\include\xutility(252,85): warning C4244: 'argumento': conversión de '_Ty' a 'float'; posible pérdida de datos
          with
          [
              _Ty=int
          ]
C:\Program Files\Microsoft Visual Studio\2022\Community\VC\Tools\MSVC\14.36.32532\include\xutility(261,14): message : Vea la referencia a la creación de una instancia de la función plantilla "_Ty *std::construct_at<_Ty,Vec2&,Vec2&,int,0x0>(_Ty *const ,Vec2 &,Vec2 &,int &&) noexcept(false)" que se está compilando
          with
          [
              _Ty=CTransform
          ]
C:\Program Files\Microsoft Visual Studio\2022\Community\VC\Tools\MSVC\14.36.32532\include\memory(2092,13): message : Vea la referencia a la creación de una instancia de la función plantilla "void std::_Construct_in_place<_Ty,Vec2&,Vec2&,int>(_Ty &,Vec2 &,Vec2 &,int &&) noexcept(false)" que se está compilando
          with
          [
              _Ty=CTransform
          ]
sfml-system-s-d.lib(String.cpp.obj) : warning LNK4099: no se encontró PDB '' con 'sfml-system-s-d.lib(String.cpp.obj)' o en ''; se vinculará el objeto sin tener en cuenta información de depuración
sfml-window-s-d.lib(Window.cpp.obj) : warning LNK4099: no se encontró PDB '' con 'sfml-window-s-d.lib(Window.cpp.obj)' o en ''; se vinculará el objeto sin tener en cuenta información de depuración
sfml-window-s-d.lib(WindowImpl.cpp.obj) : warning LNK4099: no se encontró PDB '' con 'sfml-window-s-d.lib(WindowImpl.cpp.obj)' o en ''; se vinculará el objeto sin tener en cuenta información de depuración
sfml-window-s-d.lib(WglContext.cpp.obj) : warning LNK4099: no se encontró PDB '' con 'sfml-window-s-d.lib(WglContext.cpp.obj)' o en ''; se vinculará el objeto sin tener en cuenta información de depuración
sfml-window-s-d.lib(JoystickImpl.cpp.obj) : warning LNK4099: no se encontró PDB '' con 'sfml-window-s-d.lib(JoystickImpl.cpp.obj)' o en ''; se vinculará el objeto sin tener en cuenta información de depuración
sfml-window-s-d.lib(WindowImplWin32.cpp.obj) : warning LNK4099: no se encontró PDB '' con 'sfml-window-s-d.lib(WindowImplWin32.cpp.obj)' o en ''; se vinculará el objeto sin tener en cuenta información de depuración
sfml-graphics-s-d.lib(Font.cpp.obj) : warning LNK4099: no se encontró PDB '' con 'sfml-graphics-s-d.lib(Font.cpp.obj)' o en ''; se vinculará el objeto sin tener en cuenta información de depuración
sfml-graphics-s-d.lib(Glsl.cpp.obj) : warning LNK4099: no se encontró PDB '' con 'sfml-graphics-s-d.lib(Glsl.cpp.obj)' o en ''; se vinculará el objeto sin tener en cuenta información de depuración
sfml-graphics-s-d.lib(GLCheck.cpp.obj) : warning LNK4099: no se encontró PDB '' con 'sfml-graphics-s-d.lib(GLCheck.cpp.obj)' o en ''; se vinculará el objeto sin tener en cuenta información de depuración
sfml-graphics-s-d.lib(Image.cpp.obj) : warning LNK4099: no se encontró PDB '' con 'sfml-graphics-s-d.lib(Image.cpp.obj)' o en ''; se vinculará el objeto sin tener en cuenta información de depuración
sfml-graphics-s-d.lib(ImageLoader.cpp.obj) : warning LNK4099: no se encontró PDB '' con 'sfml-graphics-s-d.lib(ImageLoader.cpp.obj)' o en ''; se vinculará el objeto sin tener en cuenta información de depuración
sfml-graphics-s-d.lib(RenderTarget.cpp.obj) : warning LNK4099: no se encontró PDB '' con 'sfml-graphics-s-d.lib(RenderTarget.cpp.obj)' o en ''; se vinculará el objeto sin tener en cuenta información de depuración
sfml-graphics-s-d.lib(Shader.cpp.obj) : warning LNK4099: no se encontró PDB '' con 'sfml-graphics-s-d.lib(Shader.cpp.obj)' o en ''; se vinculará el objeto sin tener en cuenta información de depuración
sfml-graphics-s-d.lib(Texture.cpp.obj) : warning LNK4099: no se encontró PDB '' con 'sfml-graphics-s-d.lib(Texture.cpp.obj)' o en ''; se vinculará el objeto sin tener en cuenta información de depuración
sfml-graphics-s-d.lib(Transform.cpp.obj) : warning LNK4099: no se encontró PDB '' con 'sfml-graphics-s-d.lib(Transform.cpp.obj)' o en ''; se vinculará el objeto sin tener en cuenta información de depuración
sfml-graphics-s-d.lib(Transformable.cpp.obj) : warning LNK4099: no se encontró PDB '' con 'sfml-graphics-s-d.lib(Transformable.cpp.obj)' o en ''; se vinculará el objeto sin tener en cuenta información de depuración
sfml-graphics-s-d.lib(View.cpp.obj) : warning LNK4099: no se encontró PDB '' con 'sfml-graphics-s-d.lib(View.cpp.obj)' o en ''; se vinculará el objeto sin tener en cuenta información de depuración
sfml-graphics-s-d.lib(Shape.cpp.obj) : warning LNK4099: no se encontró PDB '' con 'sfml-graphics-s-d.lib(Shape.cpp.obj)' o en ''; se vinculará el objeto sin tener en cuenta información de depuración
sfml-graphics-s-d.lib(Text.cpp.obj) : warning LNK4099: no se encontró PDB '' con 'sfml-graphics-s-d.lib(Text.cpp.obj)' o en ''; se vinculará el objeto sin tener en cuenta información de depuración
sfml-graphics-s-d.lib(VertexArray.cpp.obj) : warning LNK4099: no se encontró PDB '' con 'sfml-graphics-s-d.lib(VertexArray.cpp.obj)' o en ''; se vinculará el objeto sin tener en cuenta información de depuración
  Geometry Wars.vcxproj -> D:\Docs\Documents\Silvio\Estudiando Hard\Memorial University - C++ Game Programming\Assignment 2\Geometry-Wars\Debug\Geometry Wars.exe
